<?xml version="1.0" encoding="UTF-8"?>
<!-- Generated by org.testng.reporters.JUnitReportReporter -->
<testsuite hostname="ASIF" name="com.pages.NewTest" tests="1" failures="0" timestamp="30 Nov 2020 05:11:00 GMT" time="15.451" errors="0">
  <testcase name="f3" time="15.451" classname="com.pages.NewTest"/>
</testsuite> <!-- com.pages.NewTest -->
