<?xml version="1.0" encoding="UTF-8"?>
<!-- Generated by org.testng.reporters.JUnitReportReporter -->
<testsuite hostname="ASIF" name="com.pages.NewTest1" tests="3" failures="0" timestamp="12 Jun 2019 13:19:34 GMT" time="111.100" errors="1">
  <testcase name="f1" time="38.576" classname="com.pages.NewTest1"/>
  <testcase name="f2" time="72.460" classname="com.pages.NewTest1"/>
  <testcase name="facebook" time="0.064" classname="com.pages.NewTest1">
    <error type="java.lang.NullPointerException">
      <![CDATA[java.lang.NullPointerException
	at com.pages.NewTest1.facebook(NewTest1.java:45)
	at sun.reflect.NativeMethodAccessorImpl.invoke0(Native Method)
	at sun.reflect.NativeMethodAccessorImpl.invoke(Unknown Source)
	at sun.reflect.DelegatingMethodAccessorImpl.invoke(Unknown Source)
	at java.lang.reflect.Method.invoke(Unknown Source)
	at org.testng.internal.MethodInvocationHelper.invokeMethod(MethodInvocationHelper.java:86)
	at org.testng.internal.Invoker.invokeMethod(Invoker.java:643)
	at org.testng.internal.Invoker.invokeTestMethod(Invoker.java:820)
	at org.testng.internal.Invoker.invokeTestMethods(Invoker.java:1128)
	at org.testng.internal.TestMethodWorker.invokeTestMethods(TestMethodWorker.java:129)
	at org.testng.internal.TestMethodWorker.run(TestMethodWorker.java:112)
	at java.util.concurrent.ThreadPoolExecutor.runWorker(Unknown Source)
	at java.util.concurrent.ThreadPoolExecutor$Worker.run(Unknown Source)
	at java.lang.Thread.run(Unknown Source)
]]>
    </error>
  </testcase> <!-- facebook -->
</testsuite> <!-- com.pages.NewTest1 -->
