<?xml version="1.0" encoding="UTF-8"?>
<!-- Generated by org.testng.reporters.JUnitReportReporter -->
<testsuite hostname="ASIF" name="com.runner.TestRunnerDemo" tests="1" failures="0" timestamp="15 Dec 2020 05:21:35 GMT" time="24.036" errors="0">
  <testcase name="feature" time="24.036" classname="com.runner.TestRunnerDemo"/>
</testsuite> <!-- com.runner.TestRunnerDemo -->
