<?xml version="1.0" encoding="UTF-8"?>
<!-- Generated by org.testng.reporters.JUnitReportReporter -->
<testsuite hostname="ASIF" name="com.runner.TestRunnerDemo" tests="1" failures="0" timestamp="15 Dec 2020 05:39:39 GMT" time="137.187" errors="0">
  <testcase name="feature" time="137.187" classname="com.runner.TestRunnerDemo"/>
</testsuite> <!-- com.runner.TestRunnerDemo -->
